<?xml version="1.0" encoding="UTF-8"?>
<coverage generated="1750040344735" clover="3.2.0">
  <project timestamp="1750040344735" name="All files">
    <metrics statements="18" coveredstatements="16" conditionals="12" coveredconditionals="11" methods="1" coveredmethods="1" elements="31" coveredelements="28" complexity="0" loc="18" ncloc="18" packages="1" files="1" classes="1"/>
    <file name="fizzBuzz.js" path="C:\Users\luisr\Documents\GitHub\js-test-level-fizz-buzz\src\core\fizzBuzz.js">
      <metrics statements="18" coveredstatements="16" conditionals="12" coveredconditionals="11" methods="1" coveredmethods="1"/>
      <line num="3" count="4" type="stmt"/>
      <line num="4" count="4" type="cond" truecount="3" falsecount="1"/>
      <line num="5" count="0" type="stmt"/>
      <line num="8" count="4" type="stmt"/>
      <line num="9" count="4" type="stmt"/>
      <line num="11" count="4" type="cond" truecount="4" falsecount="0"/>
      <line num="12" count="1" type="stmt"/>
      <line num="13" count="1" type="stmt"/>
      <line num="14" count="3" type="cond" truecount="2" falsecount="0"/>
      <line num="15" count="1" type="stmt"/>
      <line num="16" count="1" type="stmt"/>
      <line num="17" count="2" type="cond" truecount="2" falsecount="0"/>
      <line num="18" count="1" type="stmt"/>
      <line num="19" count="1" type="stmt"/>
      <line num="21" count="1" type="stmt"/>
      <line num="22" count="1" type="stmt"/>
      <line num="25" count="4" type="stmt"/>
      <line num="34" count="0" type="stmt"/>
    </file>
  </project>
</coverage>
