{"C:\\Users\\luisr\\Documents\\GitHub\\js-test-level-fizz-buzz\\src\\core\\fizzBuzz.js": {"path":"C:\\Users\\luisr\\Documents\\GitHub\\js-test-level-fizz-buzz\\src\\core\\fizzBuzz.js","statementMap":{"0":{"start":{"line":14,"column":2},"end":{"line":53,"column":3}},"1":{"start":{"line":15,"column":4},"end":{"line":17,"column":5}},"2":{"start":{"line":16,"column":6},"end":{"line":16,"column":43}},"3":{"start":{"line":19,"column":17},"end":{"line":19,"column":19}},"4":{"start":{"line":20,"column":18},"end":{"line":20,"column":20}},"5":{"start":{"line":22,"column":4},"end":{"line":34,"column":5}},"6":{"start":{"line":23,"column":6},"end":{"line":23,"column":26}},"7":{"start":{"line":24,"column":6},"end":{"line":24,"column":51}},"8":{"start":{"line":25,"column":11},"end":{"line":34,"column":5}},"9":{"start":{"line":26,"column":6},"end":{"line":26,"column":22}},"10":{"start":{"line":27,"column":6},"end":{"line":27,"column":47}},"11":{"start":{"line":28,"column":11},"end":{"line":34,"column":5}},"12":{"start":{"line":29,"column":6},"end":{"line":29,"column":22}},"13":{"start":{"line":30,"column":6},"end":{"line":30,"column":47}},"14":{"start":{"line":32,"column":6},"end":{"line":32,"column":22}},"15":{"start":{"line":33,"column":6},"end":{"line":33,"column":55}},"16":{"start":{"line":36,"column":4},"end":{"line":43,"column":6}},"17":{"start":{"line":45,"column":4},"end":{"line":52,"column":6}}},"fnMap":{"0":{"name":"fizzBuzz","decl":{"start":{"line":13,"column":16},"end":{"line":13,"column":24}},"loc":{"start":{"line":13,"column":33},"end":{"line":54,"column":1}},"line":13}},"branchMap":{"0":{"loc":{"start":{"line":15,"column":4},"end":{"line":17,"column":5}},"type":"if","locations":[{"start":{"line":15,"column":4},"end":{"line":17,"column":5}},{"start":{},"end":{}}],"line":15},"1":{"loc":{"start":{"line":15,"column":8},"end":{"line":15,"column":51}},"type":"binary-expr","locations":[{"start":{"line":15,"column":8},"end":{"line":15,"column":34}},{"start":{"line":15,"column":38},"end":{"line":15,"column":51}}],"line":15},"2":{"loc":{"start":{"line":22,"column":4},"end":{"line":34,"column":5}},"type":"if","locations":[{"start":{"line":22,"column":4},"end":{"line":34,"column":5}},{"start":{"line":25,"column":11},"end":{"line":34,"column":5}}],"line":22},"3":{"loc":{"start":{"line":22,"column":8},"end":{"line":22,"column":44}},"type":"binary-expr","locations":[{"start":{"line":22,"column":8},"end":{"line":22,"column":24}},{"start":{"line":22,"column":28},"end":{"line":22,"column":44}}],"line":22},"4":{"loc":{"start":{"line":25,"column":11},"end":{"line":34,"column":5}},"type":"if","locations":[{"start":{"line":25,"column":11},"end":{"line":34,"column":5}},{"start":{"line":28,"column":11},"end":{"line":34,"column":5}}],"line":25},"5":{"loc":{"start":{"line":28,"column":11},"end":{"line":34,"column":5}},"type":"if","locations":[{"start":{"line":28,"column":11},"end":{"line":34,"column":5}},{"start":{"line":31,"column":11},"end":{"line":34,"column":5}}],"line":28}},"s":{"0":4,"1":4,"2":0,"3":4,"4":4,"5":4,"6":1,"7":1,"8":3,"9":1,"10":1,"11":2,"12":1,"13":1,"14":1,"15":1,"16":4,"17":0},"f":{"0":4},"b":{"0":[0,4],"1":[4,4],"2":[1,3],"3":[4,2],"4":[1,2],"5":[1,1]},"_coverageSchema":"1a1c01bbd47fc00a2c39e90264f33305004495a9","hash":"31c1ed8dbf6d0b099252348cf434fc6b01c4320c"}
}
