{"C:\\Users\\luisr\\Documents\\GitHub\\js-test-level-fizz-buzz\\src\\core\\fizzBuzz.js": {"path":"C:\\Users\\luisr\\Documents\\GitHub\\js-test-level-fizz-buzz\\src\\core\\fizzBuzz.js","statementMap":{"0":{"start":{"line":3,"column":2},"end":{"line":42,"column":3}},"1":{"start":{"line":4,"column":4},"end":{"line":6,"column":5}},"2":{"start":{"line":5,"column":6},"end":{"line":5,"column":43}},"3":{"start":{"line":8,"column":17},"end":{"line":8,"column":19}},"4":{"start":{"line":9,"column":18},"end":{"line":9,"column":20}},"5":{"start":{"line":11,"column":4},"end":{"line":23,"column":5}},"6":{"start":{"line":12,"column":6},"end":{"line":12,"column":26}},"7":{"start":{"line":13,"column":6},"end":{"line":13,"column":51}},"8":{"start":{"line":14,"column":11},"end":{"line":23,"column":5}},"9":{"start":{"line":15,"column":6},"end":{"line":15,"column":22}},"10":{"start":{"line":16,"column":6},"end":{"line":16,"column":47}},"11":{"start":{"line":17,"column":11},"end":{"line":23,"column":5}},"12":{"start":{"line":18,"column":6},"end":{"line":18,"column":22}},"13":{"start":{"line":19,"column":6},"end":{"line":19,"column":47}},"14":{"start":{"line":21,"column":6},"end":{"line":21,"column":22}},"15":{"start":{"line":22,"column":6},"end":{"line":22,"column":55}},"16":{"start":{"line":25,"column":4},"end":{"line":32,"column":6}},"17":{"start":{"line":34,"column":4},"end":{"line":41,"column":6}}},"fnMap":{"0":{"name":"fizzBuzz","decl":{"start":{"line":2,"column":16},"end":{"line":2,"column":24}},"loc":{"start":{"line":2,"column":33},"end":{"line":43,"column":1}},"line":2}},"branchMap":{"0":{"loc":{"start":{"line":4,"column":4},"end":{"line":6,"column":5}},"type":"if","locations":[{"start":{"line":4,"column":4},"end":{"line":6,"column":5}},{"start":{},"end":{}}],"line":4},"1":{"loc":{"start":{"line":4,"column":8},"end":{"line":4,"column":51}},"type":"binary-expr","locations":[{"start":{"line":4,"column":8},"end":{"line":4,"column":34}},{"start":{"line":4,"column":38},"end":{"line":4,"column":51}}],"line":4},"2":{"loc":{"start":{"line":11,"column":4},"end":{"line":23,"column":5}},"type":"if","locations":[{"start":{"line":11,"column":4},"end":{"line":23,"column":5}},{"start":{"line":14,"column":11},"end":{"line":23,"column":5}}],"line":11},"3":{"loc":{"start":{"line":11,"column":8},"end":{"line":11,"column":44}},"type":"binary-expr","locations":[{"start":{"line":11,"column":8},"end":{"line":11,"column":24}},{"start":{"line":11,"column":28},"end":{"line":11,"column":44}}],"line":11},"4":{"loc":{"start":{"line":14,"column":11},"end":{"line":23,"column":5}},"type":"if","locations":[{"start":{"line":14,"column":11},"end":{"line":23,"column":5}},{"start":{"line":17,"column":11},"end":{"line":23,"column":5}}],"line":14},"5":{"loc":{"start":{"line":17,"column":11},"end":{"line":23,"column":5}},"type":"if","locations":[{"start":{"line":17,"column":11},"end":{"line":23,"column":5}},{"start":{"line":20,"column":11},"end":{"line":23,"column":5}}],"line":17}},"s":{"0":4,"1":4,"2":0,"3":4,"4":4,"5":4,"6":1,"7":1,"8":3,"9":1,"10":1,"11":2,"12":1,"13":1,"14":1,"15":1,"16":4,"17":0},"f":{"0":4},"b":{"0":[0,4],"1":[4,4],"2":[1,3],"3":[4,2],"4":[1,2],"5":[1,1]},"_coverageSchema":"1a1c01bbd47fc00a2c39e90264f33305004495a9","hash":"06a68806b24ac7229455f89167a3545b5ec89f88"}
}
